<?xml version="1.0" encoding="UTF-8"?>
<testsuite xmlns:xsi="http://www.w3.org/2001/XMLSchema-instance" xsi:noNamespaceSchemaLocation="https://maven.apache.org/surefire/maven-surefire-plugin/xsd/surefire-test-report-3.0.xsd" version="3.0" name="conduitApp.ConduitTest" time="8.933" tests="1" errors="0" skipped="0" failures="1">
  <properties>
[...]
</properties>
  <testcase name="testParallel" classname="conduitApp.ConduitTest" time="8.907">
    <failure message="match failed: EQUALS&#10;  $ | not equal | match failed for name: &apos;articlesCount&apos; (MAP:MAP)&#10;  {&quot;articles&quot;:[{&quot;slug&quot;:&quot;Sample-Title!4-46351&quot;,&quot;title&quot;:&quot;Sample Title!4&quot;,&quot;description&quot;:&quot;Sample About&quot;,&quot;body&quot;:&quot;Markdown!&quot;,&quot;tagList&quot;:[&quot;tags&quot;],&quot;createdAt&quot;:&quot;2026-02-10T03:48:23.210Z&quot;,&quot;updatedAt&quot;:&quot;2026-02-10T03:48:23.210Z&quot;,&quot;favorited&quot;:false,&quot;favoritesCount&quot;:0,&quot;author&quot;:{&quot;username&quot;:&quot;mastercarlo&quot;,&quot;bio&quot;:null,&quot;image&quot;:&quot;https://conduit-api.bondaracademy.com/images/smiley-cyrus.jpeg&quot;,&quot;following&quot;:false}},{&quot;slug&quot;:&quot;Sample-Title!3-46351&quot;,&quot;title&quot;:&quot;Sample Title!3&quot;,&quot;description&quot;:&quot;Sample About&quot;,&quot;body&quot;:&quot;Markdown!&quot;,&quot;tagList&quot;:[&quot;tags&quot;],&quot;createdAt&quot;:&quot;2026-02-10T03:34:02.781Z&quot;,&quot;updatedAt&quot;:&quot;2026-02-10T03:34:02.781Z&quot;,&quot;favorited&quot;:false,&quot;favoritesCount&quot;:0,&quot;author&quot;:{&quot;username&quot;:&quot;mastercarlo&quot;,&quot;bio&quot;:null,&quot;image&quot;:&quot;https://conduit-api.bondaracademy.com/images/smiley-cyrus.jpeg&quot;,&quot;following&quot;:false}},{&quot;slug&quot;:&quot;Sample-Title!1-46351&quot;,&quot;title&quot;:&quot;Sample Title!1&quot;,&quot;description&quot;:&quot;Sample About&quot;,&quot;body&quot;:&quot;Markdown!&quot;,&quot;tagList&quot;:[&quot;tags&quot;],&quot;createdAt&quot;:&quot;2026-02-10T03:24:03.182Z&quot;,&quot;updatedAt&quot;:&quot;2026-02-10T03:24:03.182Z&quot;,&quot;favorited&quot;:false,&quot;favoritesCount&quot;:0,&quot;author&quot;:{&quot;username&quot;:&quot;mastercarlo&quot;,&quot;bio&quot;:null,&quot;image&quot;:&quot;https://conduit-api.bondaracademy.com/images/smiley-cyrus.jpeg&quot;,&quot;following&quot;:false}},{&quot;slug&quot;:&quot;Sample-Title-46351&quot;,&quot;title&quot;:&quot;Sample Title&quot;,&quot;description&quot;:&quot;Sample About&quot;,&quot;body&quot;:&quot;Markdown!&quot;,&quot;tagList&quot;:[&quot;tags&quot;],&quot;createdAt&quot;:&quot;2026-02-10T03:20:18.491Z&quot;,&quot;updatedAt&quot;:&quot;2026-02-10T03:20:18.491Z&quot;,&quot;favorited&quot;:false,&quot;favoritesCount&quot;:0,&quot;author&quot;:{&quot;username&quot;:&quot;mastercarlo&quot;,&quot;bio&quot;:null,&quot;image&quot;:&quot;https://conduit-api.bondaracademy.com/images/smiley-cyrus.jpeg&quot;,&quot;following&quot;:false}},{&quot;slug&quot;:&quot;Discover-Bondar-Academy:-Your-Gateway-to-Efficient-Learning-1&quot;,&quot;title&quot;:&quot;Discover Bondar Academy: Your Gateway to Efficient Learning&quot;,&quot;description&quot;:&quot;Discover Bondar Academy&apos;s unique place in the educational landscape, where value-focused and efficient learning approaches converge. Our goal is to rapidly enhance your professional technical skills, boosting your market competitiveness and paving the way for higher-paying job opportunities. The speed of your progress is in your hands \u2013 you set the pace, and we provide the solutions and support to help you achieve your desired outcomes.&quot;,&quot;body&quot;:&quot;Bondar Academy is a leading platform for efficient education, designed to boost your technical skills and advance your career in Quality Assurance (QA). Our program features a balanced mix of pre-recorded lectures and live sessions, allowing each student to study at their own pace and at a time that suits them. \n\nOur instructors are readily available on our Slack Workspace for support. Whether it&apos;s a quick question or a more complex issue requiring a Zoom call or Slack Huddle for screen sharing and live discussion, we&apos;re here to assist. Additionally, each class comes with a comprehensive question bank for self-assessment. Following each lecture, you have the opportunity to validate your understanding and readiness to progress to the next topic. You set the pace, and we provide the solutions to ensure you achieve your desired outcomes.\n\nSignUp today: https://www.bondaracademy.com&quot;,&quot;tagList&quot;:[&quot;qa career&quot;,&quot;Bondar Academy&quot;,&quot;QA Skills&quot;,&quot;Value-Focused&quot;],&quot;createdAt&quot;:&quot;2024-01-27T21:52:32.682Z&quot;,&quot;updatedAt&quot;:&quot;2024-01-27T21:52:32.682Z&quot;,&quot;favorited&quot;:false,&quot;favoritesCount&quot;:1649,&quot;author&quot;:{&quot;username&quot;:&quot;Artem Bondar&quot;,&quot;bio&quot;:null,&quot;image&quot;:&quot;https://storage.googleapis.com/bondar-academy-visuals/Android.png&quot;,&quot;following&quot;:false}},{&quot;slug&quot;:&quot;The-value-of-pre-recorded-video-classes.-The-most-efficient-approach-to-tranfer-the-knowledge-1&quot;,&quot;title&quot;:&quot;The value of pre-recorded video classes. The most efficient approach to tranfer the knowledge&quot;,&quot;description&quot;:&quot;As educational practices evolve, video tutorials have emerged as the most efficient method for imparting theoretical knowledge. At Bondar Academy, we prioritize expertly structured and crafted video tutorials, ensuring you learn quickly and effectively and advance your skills.&quot;,&quot;body&quot;:&quot;At Bondar Academy, we prioritize the value of your time and the efficiency of your education, distinguishing our approach from traditional colleges and live boot camps. Forget long, tedious live lectures on a fixed schedule. With us, you learn at your convenience and pace through optimized, structured video lectures. \n\nWe understand your goal is rapid knowledge acquisition. Our pre-recorded and well-organized lectures are designed precisely for this, ensuring no slowdowns from group dynamics or unrelated instructor anecdotes. \n\nDive straight into the subject matter, learn efficiently, and if questions arise, our immediate support on the Slack Workspace is there to streamline your learning process and swiftly remove any roadblocks.&quot;,&quot;tagList&quot;:[&quot;Bondar Academy&quot;,&quot;Video Lectures&quot;,&quot;Tutorials&quot;],&quot;createdAt&quot;:&quot;2024-01-27T21:50:38.825Z&quot;,&quot;updatedAt&quot;:&quot;2024-01-27T21:50:38.825Z&quot;,&quot;favorited&quot;:false,&quot;favoritesCount&quot;:452,&quot;author&quot;:{&quot;username&quot;:&quot;Artem Bondar&quot;,&quot;bio&quot;:null,&quot;image&quot;:&quot;https://storage.googleapis.com/bondar-academy-visuals/Android.png&quot;,&quot;following&quot;:false}},{&quot;slug&quot;:&quot;Mastering-Knowledge-with-Self-Assessments:-Identifying-and-Bridging-Learning-Gaps-in-Education-1&quot;,&quot;title&quot;:&quot;Mastering Knowledge with Self-Assessments: Identifying and Bridging Learning Gaps in Education&quot;,&quot;description&quot;:&quot;Self-assessment is an essential tool for gauging your understanding of lecture material. It answers critical questions: Have you grasped everything correctly? Is there anything you&apos;ve missed? Are you prepared for the next lesson? These assessments ensure that you build a solid foundation of knowledge, confidently and efficiently paving the way for swift progress and effective learning outcomes.&quot;,&quot;body&quot;:&quot;Traditional educational institutions, such as colleges and universities, commonly use tests and assessments to measure knowledge. This approach is effective for gauging student performance, but it&apos;s not without drawbacks. In these settings, assessments after every lecture aren&apos;t feasible due to the time required for teachers to evaluate them. This often leads to students having a false sense of understanding, believing they&apos;ve comprehended all aspects of a lecture when, in reality, small but crucial details might be missed. These &apos;knowledge gaps&apos; can accumulate, making more complex topics difficult to grasp later on.\n\nAt Bondar Academy, we address this challenge by implementing self-assessments after every lecture. These are designed to cover key questions that ensure a thorough understanding of the material, essential for comfort and success in future lectures. The number of questions varies, ranging from 3-4 to 15-20, depending on the lecture&apos;s significance and the volume of critical information. With these self-assessments, students receive immediate feedback, helping them determine if they&apos;ve fully understood the lecture or if they need to revisit certain parts or seek assistance from our instructors in the Slack Workspace.&quot;,&quot;tagList&quot;:[&quot;Self-Assessment&quot;,&quot;Test&quot;,&quot;Exam&quot;],&quot;createdAt&quot;:&quot;2024-01-27T21:48:36.340Z&quot;,&quot;updatedAt&quot;:&quot;2024-01-27T21:48:36.340Z&quot;,&quot;favorited&quot;:false,&quot;favoritesCount&quot;:223,&quot;author&quot;:{&quot;username&quot;:&quot;Artem Bondar&quot;,&quot;bio&quot;:null,&quot;image&quot;:&quot;https://storage.googleapis.com/bondar-academy-visuals/Android.png&quot;,&quot;following&quot;:false}},{&quot;slug&quot;:&quot;Practical-Implementation-of-Skills:-Homework-Assignments-with-Instructor-Supervision-1&quot;,&quot;title&quot;:&quot;Practical Implementation of Skills: Homework Assignments with Instructor Supervision&quot;,&quot;description&quot;:&quot;Knowledge or skills not reinforced through practical exercises can quickly fade, often faster than anticipated. Homework, particularly in tasks like writing your own code, is crucial for honing these skills and cementing your understanding. At Bondar Academy, we ensure this vital step by assigning homework, rigorously evaluating the outcomes, and providing valuable feedback to guide your learning journey.&quot;,&quot;body&quot;:&quot;Homework assignments are a fundamental component of the educational methodology at Bondar Academy, especially in technical education where learning a new programming language or framework is involved. The key to mastering these skills lies in writing code; the more you write, the better you become. However, merely replicating code seen in lectures leads to minimal learning. Often, this approach leaves students unclear about why their code works the way it does, as they focus on copying rather than understanding.\n\nA homework assignment at Bondar Academy starts with a blank page, challenging students to apply all their knowledge to write the first line of code. This process is more demanding than it appears. As you write each line, understanding and reasoning grow, making your code meaningful and comprehensible. You learn to write code that makes sense to you, enhancing your understanding.\n\nIn completing these assignments, you engage the &apos;thinking&apos; part of your brain, transforming theoretical knowledge into practical skills. Recognizing the crucial role of homework in learning, our instructors at Bondar Academy are always available to assist with any challenges. Just reach out on Slack, and you&apos;ll receive the guidance and support needed for successful completion. At Bondar Academy, we fully understand the importance of homework assignments for the best outcome, so our instructors are always here to assist if you have any difficulties with completing them. Just ask in Slack and you&apos;ll be guided and assisted.&quot;,&quot;tagList&quot;:[&quot;Homework&quot;,&quot;Assignments&quot;,&quot;Practice&quot;,&quot;Coding&quot;],&quot;createdAt&quot;:&quot;2024-01-27T21:46:09.512Z&quot;,&quot;updatedAt&quot;:&quot;2024-01-27T21:46:09.512Z&quot;,&quot;favorited&quot;:false,&quot;favoritesCount&quot;:102,&quot;author&quot;:{&quot;username&quot;:&quot;Artem Bondar&quot;,&quot;bio&quot;:null,&quot;image&quot;:&quot;https://storage.googleapis.com/bondar-academy-visuals/Android.png&quot;,&quot;following&quot;:false}},{&quot;slug&quot;:&quot;Embracing-Daily-Git-Routines:-Real-Code-Reviews-on-GitHub-for-Effective-Coding-Practice.-1&quot;,&quot;title&quot;:&quot;Embracing Daily Git Routines: Real Code Reviews on GitHub for Effective Coding Practice.&quot;,&quot;description&quot;:&quot;Learning to code is just one part of a larger skill set; effectively managing and organizing code is equally crucial. At Bondar Academy, we integrate Git and platforms like GitHub into the core learning cycle. With us, using Git becomes a regular routine, where organizing code in branches, storing it in remote repositories, and collaborating with others through strategies like branching, merging, pull requests, and code reviews are standard practice.&quot;,&quot;body&quot;:&quot;At Bondar Academy, mastering Git and GitHub is a fundamental step before delving into frameworks or programming languages. Effective code management, organization, and storage are crucial skills, and Git is the premier tool for this purpose. However, many learners initially find Git challenging due to its complexity and non-intuitive nature. To address this, our instructors have developed structured lectures on Git and GitHub, ensuring an efficient and thorough understanding of these essential tools. Git lessons are a mandatory prerequisite in every class. For a glimpse into our teaching approach, visit our YouTube channel: https://www.youtube.com/@BondarAcademy/playlists.\n\nIn our courses, all homework assignments are reviewed using GitHub pull requests, mirroring the workflow in real-world software development environments. Students submit their code to their working branch for review. Our instructors then provide feedback, suggesting modifications or adjustments for pull request approval. This iterative process is repeated throughout the course, establishing Git usage as a natural and routine part of your coding practice.&quot;,&quot;tagList&quot;:[&quot;YouTube&quot;,&quot;Git&quot;,&quot;GitHub&quot;],&quot;createdAt&quot;:&quot;2024-01-27T21:42:31.491Z&quot;,&quot;updatedAt&quot;:&quot;2024-01-27T21:42:31.491Z&quot;,&quot;favorited&quot;:false,&quot;favoritesCount&quot;:103,&quot;author&quot;:{&quot;username&quot;:&quot;Artem Bondar&quot;,&quot;bio&quot;:null,&quot;image&quot;:&quot;https://storage.googleapis.com/bondar-academy-visuals/Android.png&quot;,&quot;following&quot;:false}},{&quot;slug&quot;:&quot;Engaging-in-Live-Zoom-Sessions:-Interact-with-Instructors-and-Peers-Ask-Questions-in-Real-Time-1&quot;,&quot;title&quot;:&quot;Engaging in Live Zoom Sessions: Interact with Instructors and Peers, Ask Questions in Real-Time&quot;,&quot;description&quot;:&quot;In our increasingly online world, personal engagement remains a crucial element of effective learning. At Bondar Academy, we address this by hosting live Zoom sessions. These sessions provide a platform for live interaction between instructors and students, and among students themselves. Complementing our Slack channel, these live sessions offer an additional avenue for asking questions and engaging in meaningful discussions.&quot;,&quot;body&quot;:&quot;In our increasingly online world, personal engagement remains a crucial element of effective learning. \nAt Bondar Academy, we address this by hosting live Zoom sessions. These sessions provide a platform for live interaction between instructors and students and among students themselves. Complementing our Slack channel, these live sessions offer an additional avenue for asking questions and engaging in meaningful discussions.&quot;,&quot;tagList&quot;:[&quot;Zoom&quot;,&quot;Live Sessions&quot;],&quot;createdAt&quot;:&quot;2024-01-27T21:39:50.587Z&quot;,&quot;updatedAt&quot;:&quot;2024-01-27T21:39:50.587Z&quot;,&quot;favorited&quot;:false,&quot;favoritesCount&quot;:75,&quot;author&quot;:{&quot;username&quot;:&quot;Artem Bondar&quot;,&quot;bio&quot;:null,&quot;image&quot;:&quot;https://storage.googleapis.com/bondar-academy-visuals/Android.png&quot;,&quot;following&quot;:false}}],&quot;articlesCount&quot;:14}&#10;  {&quot;articles&quot;:&quot;#[10]&quot;,&quot;articlesCount&quot;:10}&#10;&#10;    $.articlesCount | not equal (NUMBER:NUMBER)&#10;    14&#10;    10&#10;&#10;classpath:conduitApp/feature/Homepage.feature:28&#10;match failed: EQUALS&#10;  $ | not equal | match failed for name: &apos;errors&apos; (MAP:MAP)&#10;  {&quot;errors&quot;:{&quot;email&quot;:[&quot;has already been taken&quot;],&quot;username&quot;:[&quot;has already been taken&quot;]}}&#10;  {&quot;errors&quot;:{&quot;email&quot;:[&quot;has already been taken&quot;]}}&#10;&#10;    $.errors | not equal | actual has 1 more key(s) than expected - {&quot;username&quot;:[&quot;has already been taken&quot;]} (MAP:MAP)&#10;    {&quot;email&quot;:[&quot;has already been taken&quot;],&quot;username&quot;:[&quot;has already been taken&quot;]}&#10;    {&quot;email&quot;:[&quot;has already been taken&quot;]}&#10;&#10;&#10;classpath:conduitApp/feature/SignUp.feature:64 ==&gt; expected: &lt;0&gt; but was: &lt;2&gt;" type="org.opentest4j.AssertionFailedError"><![CDATA[org.opentest4j.AssertionFailedError: 
match failed: EQUALS
  $ | not equal | match failed for name: 'articlesCount' (MAP:MAP)
  {"articles":[{"slug":"Sample-Title!4-46351","title":"Sample Title!4","description":"Sample About","body":"Markdown!","tagList":["tags"],"createdAt":"2026-02-10T03:48:23.210Z","updatedAt":"2026-02-10T03:48:23.210Z","favorited":false,"favoritesCount":0,"author":{"username":"mastercarlo","bio":null,"image":"https://conduit-api.bondaracademy.com/images/smiley-cyrus.jpeg","following":false}},{"slug":"Sample-Title!3-46351","title":"Sample Title!3","description":"Sample About","body":"Markdown!","tagList":["tags"],"createdAt":"2026-02-10T03:34:02.781Z","updatedAt":"2026-02-10T03:34:02.781Z","favorited":false,"favoritesCount":0,"author":{"username":"mastercarlo","bio":null,"image":"https://conduit-api.bondaracademy.com/images/smiley-cyrus.jpeg","following":false}},{"slug":"Sample-Title!1-46351","title":"Sample Title!1","description":"Sample About","body":"Markdown!","tagList":["tags"],"createdAt":"2026-02-10T03:24:03.182Z","updatedAt":"2026-02-10T03:24:03.182Z","favorited":false,"favoritesCount":0,"author":{"username":"mastercarlo","bio":null,"image":"https://conduit-api.bondaracademy.com/images/smiley-cyrus.jpeg","following":false}},{"slug":"Sample-Title-46351","title":"Sample Title","description":"Sample About","body":"Markdown!","tagList":["tags"],"createdAt":"2026-02-10T03:20:18.491Z","updatedAt":"2026-02-10T03:20:18.491Z","favorited":false,"favoritesCount":0,"author":{"username":"mastercarlo","bio":null,"image":"https://conduit-api.bondaracademy.com/images/smiley-cyrus.jpeg","following":false}},{"slug":"Discover-Bondar-Academy:-Your-Gateway-to-Efficient-Learning-1","title":"Discover Bondar Academy: Your Gateway to Efficient Learning","description":"Discover Bondar Academy's unique place in the educational landscape, where value-focused and efficient learning approaches converge. Our goal is to rapidly enhance your professional technical skills, boosting your market competitiveness and paving the way for higher-paying job opportunities. The speed of your progress is in your hands \u2013 you set the pace, and we provide the solutions and support to help you achieve your desired outcomes.","body":"Bondar Academy is a leading platform for efficient education, designed to boost your technical skills and advance your career in Quality Assurance (QA). Our program features a balanced mix of pre-recorded lectures and live sessions, allowing each student to study at their own pace and at a time that suits them. \n\nOur instructors are readily available on our Slack Workspace for support. Whether it's a quick question or a more complex issue requiring a Zoom call or Slack Huddle for screen sharing and live discussion, we're here to assist. Additionally, each class comes with a comprehensive question bank for self-assessment. Following each lecture, you have the opportunity to validate your understanding and readiness to progress to the next topic. You set the pace, and we provide the solutions to ensure you achieve your desired outcomes.\n\nSignUp today: https://www.bondaracademy.com","tagList":["qa career","Bondar Academy","QA Skills","Value-Focused"],"createdAt":"2024-01-27T21:52:32.682Z","updatedAt":"2024-01-27T21:52:32.682Z","favorited":false,"favoritesCount":1649,"author":{"username":"Artem Bondar","bio":null,"image":"https://storage.googleapis.com/bondar-academy-visuals/Android.png","following":false}},{"slug":"The-value-of-pre-recorded-video-classes.-The-most-efficient-approach-to-tranfer-the-knowledge-1","title":"The value of pre-recorded video classes. The most efficient approach to tranfer the knowledge","description":"As educational practices evolve, video tutorials have emerged as the most efficient method for imparting theoretical knowledge. At Bondar Academy, we prioritize expertly structured and crafted video tutorials, ensuring you learn quickly and effectively and advance your skills.","body":"At Bondar Academy, we prioritize the value of your time and the efficiency of your education, distinguishing our approach from traditional colleges and live boot camps. Forget long, tedious live lectures on a fixed schedule. With us, you learn at your convenience and pace through optimized, structured video lectures. \n\nWe understand your goal is rapid knowledge acquisition. Our pre-recorded and well-organized lectures are designed precisely for this, ensuring no slowdowns from group dynamics or unrelated instructor anecdotes. \n\nDive straight into the subject matter, learn efficiently, and if questions arise, our immediate support on the Slack Workspace is there to streamline your learning process and swiftly remove any roadblocks.","tagList":["Bondar Academy","Video Lectures","Tutorials"],"createdAt":"2024-01-27T21:50:38.825Z","updatedAt":"2024-01-27T21:50:38.825Z","favorited":false,"favoritesCount":452,"author":{"username":"Artem Bondar","bio":null,"image":"https://storage.googleapis.com/bondar-academy-visuals/Android.png","following":false}},{"slug":"Mastering-Knowledge-with-Self-Assessments:-Identifying-and-Bridging-Learning-Gaps-in-Education-1","title":"Mastering Knowledge with Self-Assessments: Identifying and Bridging Learning Gaps in Education","description":"Self-assessment is an essential tool for gauging your understanding of lecture material. It answers critical questions: Have you grasped everything correctly? Is there anything you've missed? Are you prepared for the next lesson? These assessments ensure that you build a solid foundation of knowledge, confidently and efficiently paving the way for swift progress and effective learning outcomes.","body":"Traditional educational institutions, such as colleges and universities, commonly use tests and assessments to measure knowledge. This approach is effective for gauging student performance, but it's not without drawbacks. In these settings, assessments after every lecture aren't feasible due to the time required for teachers to evaluate them. This often leads to students having a false sense of understanding, believing they've comprehended all aspects of a lecture when, in reality, small but crucial details might be missed. These 'knowledge gaps' can accumulate, making more complex topics difficult to grasp later on.\n\nAt Bondar Academy, we address this challenge by implementing self-assessments after every lecture. These are designed to cover key questions that ensure a thorough understanding of the material, essential for comfort and success in future lectures. The number of questions varies, ranging from 3-4 to 15-20, depending on the lecture's significance and the volume of critical information. With these self-assessments, students receive immediate feedback, helping them determine if they've fully understood the lecture or if they need to revisit certain parts or seek assistance from our instructors in the Slack Workspace.","tagList":["Self-Assessment","Test","Exam"],"createdAt":"2024-01-27T21:48:36.340Z","updatedAt":"2024-01-27T21:48:36.340Z","favorited":false,"favoritesCount":223,"author":{"username":"Artem Bondar","bio":null,"image":"https://storage.googleapis.com/bondar-academy-visuals/Android.png","following":false}},{"slug":"Practical-Implementation-of-Skills:-Homework-Assignments-with-Instructor-Supervision-1","title":"Practical Implementation of Skills: Homework Assignments with Instructor Supervision","description":"Knowledge or skills not reinforced through practical exercises can quickly fade, often faster than anticipated. Homework, particularly in tasks like writing your own code, is crucial for honing these skills and cementing your understanding. At Bondar Academy, we ensure this vital step by assigning homework, rigorously evaluating the outcomes, and providing valuable feedback to guide your learning journey.","body":"Homework assignments are a fundamental component of the educational methodology at Bondar Academy, especially in technical education where learning a new programming language or framework is involved. The key to mastering these skills lies in writing code; the more you write, the better you become. However, merely replicating code seen in lectures leads to minimal learning. Often, this approach leaves students unclear about why their code works the way it does, as they focus on copying rather than understanding.\n\nA homework assignment at Bondar Academy starts with a blank page, challenging students to apply all their knowledge to write the first line of code. This process is more demanding than it appears. As you write each line, understanding and reasoning grow, making your code meaningful and comprehensible. You learn to write code that makes sense to you, enhancing your understanding.\n\nIn completing these assignments, you engage the 'thinking' part of your brain, transforming theoretical knowledge into practical skills. Recognizing the crucial role of homework in learning, our instructors at Bondar Academy are always available to assist with any challenges. Just reach out on Slack, and you'll receive the guidance and support needed for successful completion. At Bondar Academy, we fully understand the importance of homework assignments for the best outcome, so our instructors are always here to assist if you have any difficulties with completing them. Just ask in Slack and you'll be guided and assisted.","tagList":["Homework","Assignments","Practice","Coding"],"createdAt":"2024-01-27T21:46:09.512Z","updatedAt":"2024-01-27T21:46:09.512Z","favorited":false,"favoritesCount":102,"author":{"username":"Artem Bondar","bio":null,"image":"https://storage.googleapis.com/bondar-academy-visuals/Android.png","following":false}},{"slug":"Embracing-Daily-Git-Routines:-Real-Code-Reviews-on-GitHub-for-Effective-Coding-Practice.-1","title":"Embracing Daily Git Routines: Real Code Reviews on GitHub for Effective Coding Practice.","description":"Learning to code is just one part of a larger skill set; effectively managing and organizing code is equally crucial. At Bondar Academy, we integrate Git and platforms like GitHub into the core learning cycle. With us, using Git becomes a regular routine, where organizing code in branches, storing it in remote repositories, and collaborating with others through strategies like branching, merging, pull requests, and code reviews are standard practice.","body":"At Bondar Academy, mastering Git and GitHub is a fundamental step before delving into frameworks or programming languages. Effective code management, organization, and storage are crucial skills, and Git is the premier tool for this purpose. However, many learners initially find Git challenging due to its complexity and non-intuitive nature. To address this, our instructors have developed structured lectures on Git and GitHub, ensuring an efficient and thorough understanding of these essential tools. Git lessons are a mandatory prerequisite in every class. For a glimpse into our teaching approach, visit our YouTube channel: https://www.youtube.com/@BondarAcademy/playlists.\n\nIn our courses, all homework assignments are reviewed using GitHub pull requests, mirroring the workflow in real-world software development environments. Students submit their code to their working branch for review. Our instructors then provide feedback, suggesting modifications or adjustments for pull request approval. This iterative process is repeated throughout the course, establishing Git usage as a natural and routine part of your coding practice.","tagList":["YouTube","Git","GitHub"],"createdAt":"2024-01-27T21:42:31.491Z","updatedAt":"2024-01-27T21:42:31.491Z","favorited":false,"favoritesCount":103,"author":{"username":"Artem Bondar","bio":null,"image":"https://storage.googleapis.com/bondar-academy-visuals/Android.png","following":false}},{"slug":"Engaging-in-Live-Zoom-Sessions:-Interact-with-Instructors-and-Peers-Ask-Questions-in-Real-Time-1","title":"Engaging in Live Zoom Sessions: Interact with Instructors and Peers, Ask Questions in Real-Time","description":"In our increasingly online world, personal engagement remains a crucial element of effective learning. At Bondar Academy, we address this by hosting live Zoom sessions. These sessions provide a platform for live interaction between instructors and students, and among students themselves. Complementing our Slack channel, these live sessions offer an additional avenue for asking questions and engaging in meaningful discussions.","body":"In our increasingly online world, personal engagement remains a crucial element of effective learning. \nAt Bondar Academy, we address this by hosting live Zoom sessions. These sessions provide a platform for live interaction between instructors and students and among students themselves. Complementing our Slack channel, these live sessions offer an additional avenue for asking questions and engaging in meaningful discussions.","tagList":["Zoom","Live Sessions"],"createdAt":"2024-01-27T21:39:50.587Z","updatedAt":"2024-01-27T21:39:50.587Z","favorited":false,"favoritesCount":75,"author":{"username":"Artem Bondar","bio":null,"image":"https://storage.googleapis.com/bondar-academy-visuals/Android.png","following":false}}],"articlesCount":14}
  {"articles":"#[10]","articlesCount":10}

    $.articlesCount | not equal (NUMBER:NUMBER)
    14
    10

classpath:conduitApp/feature/Homepage.feature:28
match failed: EQUALS
  $ | not equal | match failed for name: 'errors' (MAP:MAP)
  {"errors":{"email":["has already been taken"],"username":["has already been taken"]}}
  {"errors":{"email":["has already been taken"]}}

    $.errors | not equal | actual has 1 more key(s) than expected - {"username":["has already been taken"]} (MAP:MAP)
    {"email":["has already been taken"],"username":["has already been taken"]}
    {"email":["has already been taken"]}


classpath:conduitApp/feature/SignUp.feature:64 ==> expected: <0> but was: <2>
	at org.junit.jupiter.api.AssertionFailureBuilder.build(AssertionFailureBuilder.java:151)
	at org.junit.jupiter.api.AssertionFailureBuilder.buildAndThrow(AssertionFailureBuilder.java:132)
	at org.junit.jupiter.api.AssertEquals.failNotEqual(AssertEquals.java:197)
	at org.junit.jupiter.api.AssertEquals.assertEquals(AssertEquals.java:150)
	at org.junit.jupiter.api.Assertions.assertEquals(Assertions.java:563)
	at conduitApp.ConduitTest.testParallel(ConduitTest.java:16)
	at java.base/java.lang.reflect.Method.invoke(Method.java:580)
	at java.base/java.util.ArrayList.forEach(ArrayList.java:1596)
	at java.base/java.util.ArrayList.forEach(ArrayList.java:1596)
]]></failure>
    <system-out><![CDATA[16:13:54.600 [main] DEBUG com.intuit.karate.Suite - [config] classpath:karate-config.js
16:13:54.614 [main] DEBUG com.intuit.karate.Suite - waiting for 3 features to complete
16:13:56.135 [pool-2-thread-2] INFO  com.intuit.karate - karate.env system property was: null 
16:13:56.135 [pool-2-thread-4] INFO  com.intuit.karate - karate.env system property was: null 
16:13:56.135 [pool-2-thread-5] INFO  com.intuit.karate - karate.env system property was: null 
16:13:56.135 [pool-2-thread-3] INFO  com.intuit.karate - karate.env system property was: null 
16:13:56.135 [pool-2-thread-1] INFO  com.intuit.karate - karate.env system property was: null 
16:13:56.147 [pool-2-thread-1] INFO  com.intuit.karate - >> lock acquired, begin callSingle: classpath:helpers/CreateToken.feature
16:13:56.523 [pool-2-thread-1] DEBUG com.intuit.karate - request:
1 > POST https://conduit-api.bondaracademy.com/api/users/login
1 > Content-Type: application/json; charset=UTF-8
1 > Content-Length: 81
1 > Host: conduit-api.bondaracademy.com
1 > Connection: Keep-Alive
1 > User-Agent: Apache-HttpClient/4.5.14 (Java/21.0.8)
1 > Accept-Encoding: gzip,deflate
{"user":{"email":"carlo.polancos@awsys-i.com","password":"mastercarlo0987123!?"}}

16:13:57.400 [pool-2-thread-1] DEBUG com.intuit.karate - response time in milliseconds: 873
1 < 200
1 < x-powered-by: Express
1 < vary: Origin
1 < content-type: application/json; charset=utf-8
1 < etag: W/"142-+XYBddnJCgLCycTKMuQEpQm+UbY"
1 < x-cloud-trace-context: 03d5f34ef384d2ff365c3cfc1ab29bf5;o=1
1 < date: Tue, 10 Feb 2026 08:13:57 GMT
1 < server: Google Frontend
1 < Content-Length: 322
{"user":{"email":"carlo.polancos@awsys-i.com","username":"mastercarlo","bio":null,"image":"https://conduit-api.bondaracademy.com/images/smiley-cyrus.jpeg","token":"eyJhbGciOiJIUzI1NiIsInR5cCI6IkpXVCJ9.eyJ1c2VyIjp7ImlkIjo0NjM1MX0sImlhdCI6MTc3MDcxMTIzNywiZXhwIjoxNzc1ODk1MjM3fQ.Gwvw-W4kaSFiKt2bZtvi_FxvnxqHP07eZIpSv49ZS3o"}}

16:13:57.421 [pool-2-thread-1] INFO  com.intuit.karate - [print] Generated token is:  eyJhbGciOiJIUzI1NiIsInR5cCI6IkpXVCJ9.eyJ1c2VyIjp7ImlkIjo0NjM1MX0sImlhdCI6MTc3MDcxMTIzNywiZXhwIjoxNzc1ODk1MjM3fQ.Gwvw-W4kaSFiKt2bZtvi_FxvnxqHP07eZIpSv49ZS3o 
16:13:57.422 [pool-2-thread-1] INFO  com.intuit.karate - << lock released, cached callSingle: classpath:helpers/CreateToken.feature
16:13:57.424 [pool-2-thread-3] WARN  com.intuit.karate - this thread waited 1277 milliseconds for callSingle lock: classpath:helpers/CreateToken.feature
16:13:57.424 [pool-2-thread-4] WARN  com.intuit.karate - this thread waited 1277 milliseconds for callSingle lock: classpath:helpers/CreateToken.feature
16:13:57.425 [pool-2-thread-5] WARN  com.intuit.karate - this thread waited 1278 milliseconds for callSingle lock: classpath:helpers/CreateToken.feature
16:13:57.425 [pool-2-thread-2] WARN  com.intuit.karate - this thread waited 1278 milliseconds for callSingle lock: classpath:helpers/CreateToken.feature
16:13:57.450 [pool-2-thread-2] DEBUG com.intuit.karate - request:
1 > GET https://conduit-api.bondaracademy.com/api/tags
1 > Authorization: Token eyJhbGciOiJIUzI1NiIsInR5cCI6IkpXVCJ9.eyJ1c2VyIjp7ImlkIjo0NjM1MX0sImlhdCI6MTc3MDcxMTIzNywiZXhwIjoxNzc1ODk1MjM3fQ.Gwvw-W4kaSFiKt2bZtvi_FxvnxqHP07eZIpSv49ZS3o
1 > Host: conduit-api.bondaracademy.com
1 > Connection: Keep-Alive
1 > User-Agent: Apache-HttpClient/4.5.14 (Java/21.0.8)
1 > Accept-Encoding: gzip,deflate


16:13:57.503 [pool-2-thread-3] DEBUG com.intuit.karate - request:
1 > GET https://conduit-api.bondaracademy.com/api/articles?limit=10&offset=0
1 > Authorization: Token eyJhbGciOiJIUzI1NiIsInR5cCI6IkpXVCJ9.eyJ1c2VyIjp7ImlkIjo0NjM1MX0sImlhdCI6MTc3MDcxMTIzNywiZXhwIjoxNzc1ODk1MjM3fQ.Gwvw-W4kaSFiKt2bZtvi_FxvnxqHP07eZIpSv49ZS3o
1 > Host: conduit-api.bondaracademy.com
1 > Connection: Keep-Alive
1 > User-Agent: Apache-HttpClient/4.5.14 (Java/21.0.8)
1 > Accept-Encoding: gzip,deflate


16:13:57.703 [pool-2-thread-5] DEBUG com.intuit.karate - request:
1 > POST https://conduit-api.bondaracademy.com/api/users
1 > Authorization: Token eyJhbGciOiJIUzI1NiIsInR5cCI6IkpXVCJ9.eyJ1c2VyIjp7ImlkIjo0NjM1MX0sImlhdCI6MTc3MDcxMTIzNywiZXhwIjoxNzc1ODk1MjM3fQ.Gwvw-W4kaSFiKt2bZtvi_FxvnxqHP07eZIpSv49ZS3o
1 > Content-Type: application/json; charset=UTF-8
1 > Content-Length: 88
1 > Host: conduit-api.bondaracademy.com
1 > Connection: Keep-Alive
1 > User-Agent: Apache-HttpClient/4.5.14 (Java/21.0.8)
1 > Accept-Encoding: gzip,deflate
{"user":{"email":"andreas6@test.com","password":"Karate123","username":"KarateUser123"}}

16:13:57.703 [pool-2-thread-4] DEBUG com.intuit.karate - request:
1 > POST https://conduit-api.bondaracademy.com/api/users
1 > Authorization: Token eyJhbGciOiJIUzI1NiIsInR5cCI6IkpXVCJ9.eyJ1c2VyIjp7ImlkIjo0NjM1MX0sImlhdCI6MTc3MDcxMTIzNywiZXhwIjoxNzc1ODk1MjM3fQ.Gwvw-W4kaSFiKt2bZtvi_FxvnxqHP07eZIpSv49ZS3o
1 > Content-Type: application/json; charset=UTF-8
1 > Content-Length: 100
1 > Host: conduit-api.bondaracademy.com
1 > Connection: Keep-Alive
1 > User-Agent: Apache-HttpClient/4.5.14 (Java/21.0.8)
1 > Accept-Encoding: gzip,deflate
{"user":{"email":"andreas36@test.com","password":"mastercarlo0987123!?","username":"andreas.bayer"}}

16:13:57.737 [pool-2-thread-1] DEBUG com.intuit.karate - request:
1 > POST https://conduit-api.bondaracademy.com/api/articles
1 > Authorization: Token eyJhbGciOiJIUzI1NiIsInR5cCI6IkpXVCJ9.eyJ1c2VyIjp7ImlkIjo0NjM1MX0sImlhdCI6MTc3MDcxMTIzNywiZXhwIjoxNzc1ODk1MjM3fQ.Gwvw-W4kaSFiKt2bZtvi_FxvnxqHP07eZIpSv49ZS3o
1 > Content-Type: application/json; charset=UTF-8
1 > Content-Length: 101
1 > Host: conduit-api.bondaracademy.com
1 > Connection: Keep-Alive
1 > User-Agent: Apache-HttpClient/4.5.14 (Java/21.0.8)
1 > Accept-Encoding: gzip,deflate
{"article":{"title":"Vhagar","description":"Qohor","body":"The North remembers.","tagList":["tags"]}}

16:13:58.011 [pool-2-thread-2] DEBUG com.intuit.karate - response time in milliseconds: 560
1 < 200
1 < x-powered-by: Express
1 < vary: Origin
1 < content-type: application/json; charset=utf-8
1 < etag: W/"68-leif8b6rPEddGmjcYgqlTlh+CCg"
1 < x-cloud-trace-context: f3b4758506d03f59f4ac5a98fc88371e
1 < date: Tue, 10 Feb 2026 08:13:57 GMT
1 < server: Google Frontend
1 < Content-Length: 104
{"tags":["Test","Blog","Git","YouTube","tags","Slack","Zoom","Bondar Academy","GitHub","Value-Focused"]}

16:13:58.050 [pool-2-thread-2] INFO  com.intuit.karate - karate.env system property was: null 
16:13:58.053 [pool-2-thread-3] DEBUG com.intuit.karate - response time in milliseconds: 547
1 < 200
1 < x-powered-by: Express
1 < vary: Origin
1 < content-type: application/json; charset=utf-8
1 < etag: W/"334a-2qvNtZNoPyd8XGpdrHss52ETE5A"
1 < x-cloud-trace-context: e04b3ec827ab6ba8b5f29fb53a3b0280
1 < date: Tue, 10 Feb 2026 08:13:57 GMT
1 < server: Google Frontend
1 < Content-Length: 13130
{"articles":[{"slug":"Sample-Title!4-46351","title":"Sample Title!4","description":"Sample About","body":"Markdown!","tagList":["tags"],"createdAt":"2026-02-10T03:48:23.210Z","updatedAt":"2026-02-10T03:48:23.210Z","favorited":false,"favoritesCount":0,"author":{"username":"mastercarlo","bio":null,"image":"https://conduit-api.bondaracademy.com/images/smiley-cyrus.jpeg","following":false}},{"slug":"Sample-Title!3-46351","title":"Sample Title!3","description":"Sample About","body":"Markdown!","tagList":["tags"],"createdAt":"2026-02-10T03:34:02.781Z","updatedAt":"2026-02-10T03:34:02.781Z","favorited":false,"favoritesCount":0,"author":{"username":"mastercarlo","bio":null,"image":"https://conduit-api.bondaracademy.com/images/smiley-cyrus.jpeg","following":false}},{"slug":"Sample-Title!1-46351","title":"Sample Title!1","description":"Sample About","body":"Markdown!","tagList":["tags"],"createdAt":"2026-02-10T03:24:03.182Z","updatedAt":"2026-02-10T03:24:03.182Z","favorited":false,"favoritesCount":0,"author":{"username":"mastercarlo","bio":null,"image":"https://conduit-api.bondaracademy.com/images/smiley-cyrus.jpeg","following":false}},{"slug":"Sample-Title-46351","title":"Sample Title","description":"Sample About","body":"Markdown!","tagList":["tags"],"createdAt":"2026-02-10T03:20:18.491Z","updatedAt":"2026-02-10T03:20:18.491Z","favorited":false,"favoritesCount":0,"author":{"username":"mastercarlo","bio":null,"image":"https://conduit-api.bondaracademy.com/images/smiley-cyrus.jpeg","following":false}},{"slug":"Discover-Bondar-Academy:-Your-Gateway-to-Efficient-Learning-1","title":"Discover Bondar Academy: Your Gateway to Efficient Learning","description":"Discover Bondar Academy's unique place in the educational landscape, where value-focused and efficient learning approaches converge. Our goal is to rapidly enhance your professional technical skills, boosting your market competitiveness and paving the way for higher-paying job opportunities. The speed of your progress is in your hands – you set the pace, and we provide the solutions and support to help you achieve your desired outcomes.","body":"Bondar Academy is a leading platform for efficient education, designed to boost your technical skills and advance your career in Quality Assurance (QA). Our program features a balanced mix of pre-recorded lectures and live sessions, allowing each student to study at their own pace and at a time that suits them. \n\nOur instructors are readily available on our Slack Workspace for support. Whether it's a quick question or a more complex issue requiring a Zoom call or Slack Huddle for screen sharing and live discussion, we're here to assist. Additionally, each class comes with a comprehensive question bank for self-assessment. Following each lecture, you have the opportunity to validate your understanding and readiness to progress to the next topic. You set the pace, and we provide the solutions to ensure you achieve your desired outcomes.\n\nSignUp today: https://www.bondaracademy.com","tagList":["qa career","Bondar Academy","QA Skills","Value-Focused"],"createdAt":"2024-01-27T21:52:32.682Z","updatedAt":"2024-01-27T21:52:32.682Z","favorited":false,"favoritesCount":1649,"author":{"username":"Artem Bondar","bio":null,"image":"https://storage.googleapis.com/bondar-academy-visuals/Android.png","following":false}},{"slug":"The-value-of-pre-recorded-video-classes.-The-most-efficient-approach-to-tranfer-the-knowledge-1","title":"The value of pre-recorded video classes. The most efficient approach to tranfer the knowledge","description":"As educational practices evolve, video tutorials have emerged as the most efficient method for imparting theoretical knowledge. At Bondar Academy, we prioritize expertly structured and crafted video tutorials, ensuring you learn quickly and effectively and advance your skills.","body":"At Bondar Academy, we prioritize the value of your time and the efficiency of your education, distinguishing our approach from traditional colleges and live boot camps. Forget long, tedious live lectures on a fixed schedule. With us, you learn at your convenience and pace through optimized, structured video lectures. \n\nWe understand your goal is rapid knowledge acquisition. Our pre-recorded and well-organized lectures are designed precisely for this, ensuring no slowdowns from group dynamics or unrelated instructor anecdotes. \n\nDive straight into the subject matter, learn efficiently, and if questions arise, our immediate support on the Slack Workspace is there to streamline your learning process and swiftly remove any roadblocks.","tagList":["Bondar Academy","Video Lectures","Tutorials"],"createdAt":"2024-01-27T21:50:38.825Z","updatedAt":"2024-01-27T21:50:38.825Z","favorited":false,"favoritesCount":452,"author":{"username":"Artem Bondar","bio":null,"image":"https://storage.googleapis.com/bondar-academy-visuals/Android.png","following":false}},{"slug":"Mastering-Knowledge-with-Self-Assessments:-Identifying-and-Bridging-Learning-Gaps-in-Education-1","title":"Mastering Knowledge with Self-Assessments: Identifying and Bridging Learning Gaps in Education","description":"Self-assessment is an essential tool for gauging your understanding of lecture material. It answers critical questions: Have you grasped everything correctly? Is there anything you've missed? Are you prepared for the next lesson? These assessments ensure that you build a solid foundation of knowledge, confidently and efficiently paving the way for swift progress and effective learning outcomes.","body":"Traditional educational institutions, such as colleges and universities, commonly use tests and assessments to measure knowledge. This approach is effective for gauging student performance, but it's not without drawbacks. In these settings, assessments after every lecture aren't feasible due to the time required for teachers to evaluate them. This often leads to students having a false sense of understanding, believing they've comprehended all aspects of a lecture when, in reality, small but crucial details might be missed. These 'knowledge gaps' can accumulate, making more complex topics difficult to grasp later on.\n\nAt Bondar Academy, we address this challenge by implementing self-assessments after every lecture. These are designed to cover key questions that ensure a thorough understanding of the material, essential for comfort and success in future lectures. The number of questions varies, ranging from 3-4 to 15-20, depending on the lecture's significance and the volume of critical information. With these self-assessments, students receive immediate feedback, helping them determine if they've fully understood the lecture or if they need to revisit certain parts or seek assistance from our instructors in the Slack Workspace.","tagList":["Self-Assessment","Test","Exam"],"createdAt":"2024-01-27T21:48:36.340Z","updatedAt":"2024-01-27T21:48:36.340Z","favorited":false,"favoritesCount":223,"author":{"username":"Artem Bondar","bio":null,"image":"https://storage.googleapis.com/bondar-academy-visuals/Android.png","following":false}},{"slug":"Practical-Implementation-of-Skills:-Homework-Assignments-with-Instructor-Supervision-1","title":"Practical Implementation of Skills: Homework Assignments with Instructor Supervision","description":"Knowledge or skills not reinforced through practical exercises can quickly fade, often faster than anticipated. Homework, particularly in tasks like writing your own code, is crucial for honing these skills and cementing your understanding. At Bondar Academy, we ensure this vital step by assigning homework, rigorously evaluating the outcomes, and providing valuable feedback to guide your learning journey.","body":"Homework assignments are a fundamental component of the educational methodology at Bondar Academy, especially in technical education where learning a new programming language or framework is involved. The key to mastering these skills lies in writing code; the more you write, the better you become. However, merely replicating code seen in lectures leads to minimal learning. Often, this approach leaves students unclear about why their code works the way it does, as they focus on copying rather than understanding.\n\nA homework assignment at Bondar Academy starts with a blank page, challenging students to apply all their knowledge to write the first line of code. This process is more demanding than it appears. As you write each line, understanding and reasoning grow, making your code meaningful and comprehensible. You learn to write code that makes sense to you, enhancing your understanding.\n\nIn completing these assignments, you engage the 'thinking' part of your brain, transforming theoretical knowledge into practical skills. Recognizing the crucial role of homework in learning, our instructors at Bondar Academy are always available to assist with any challenges. Just reach out on Slack, and you'll receive the guidance and support needed for successful completion. At Bondar Academy, we fully understand the importance of homework assignments for the best outcome, so our instructors are always here to assist if you have any difficulties with completing them. Just ask in Slack and you'll be guided and assisted.","tagList":["Homework","Assignments","Practice","Coding"],"createdAt":"2024-01-27T21:46:09.512Z","updatedAt":"2024-01-27T21:46:09.512Z","favorited":false,"favoritesCount":102,"author":{"username":"Artem Bondar","bio":null,"image":"https://storage.googleapis.com/bondar-academy-visuals/Android.png","following":false}},{"slug":"Embracing-Daily-Git-Routines:-Real-Code-Reviews-on-GitHub-for-Effective-Coding-Practice.-1","title":"Embracing Daily Git Routines: Real Code Reviews on GitHub for Effective Coding Practice.","description":"Learning to code is just one part of a larger skill set; effectively managing and organizing code is equally crucial. At Bondar Academy, we integrate Git and platforms like GitHub into the core learning cycle. With us, using Git becomes a regular routine, where organizing code in branches, storing it in remote repositories, and collaborating with others through strategies like branching, merging, pull requests, and code reviews are standard practice.","body":"At Bondar Academy, mastering Git and GitHub is a fundamental step before delving into frameworks or programming languages. Effective code management, organization, and storage are crucial skills, and Git is the premier tool for this purpose. However, many learners initially find Git challenging due to its complexity and non-intuitive nature. To address this, our instructors have developed structured lectures on Git and GitHub, ensuring an efficient and thorough understanding of these essential tools. Git lessons are a mandatory prerequisite in every class. For a glimpse into our teaching approach, visit our YouTube channel: https://www.youtube.com/@BondarAcademy/playlists.\n\nIn our courses, all homework assignments are reviewed using GitHub pull requests, mirroring the workflow in real-world software development environments. Students submit their code to their working branch for review. Our instructors then provide feedback, suggesting modifications or adjustments for pull request approval. This iterative process is repeated throughout the course, establishing Git usage as a natural and routine part of your coding practice.","tagList":["YouTube","Git","GitHub"],"createdAt":"2024-01-27T21:42:31.491Z","updatedAt":"2024-01-27T21:42:31.491Z","favorited":false,"favoritesCount":103,"author":{"username":"Artem Bondar","bio":null,"image":"https://storage.googleapis.com/bondar-academy-visuals/Android.png","following":false}},{"slug":"Engaging-in-Live-Zoom-Sessions:-Interact-with-Instructors-and-Peers-Ask-Questions-in-Real-Time-1","title":"Engaging in Live Zoom Sessions: Interact with Instructors and Peers, Ask Questions in Real-Time","description":"In our increasingly online world, personal engagement remains a crucial element of effective learning. At Bondar Academy, we address this by hosting live Zoom sessions. These sessions provide a platform for live interaction between instructors and students, and among students themselves. Complementing our Slack channel, these live sessions offer an additional avenue for asking questions and engaging in meaningful discussions.","body":"In our increasingly online world, personal engagement remains a crucial element of effective learning. \nAt Bondar Academy, we address this by hosting live Zoom sessions. These sessions provide a platform for live interaction between instructors and students and among students themselves. Complementing our Slack channel, these live sessions offer an additional avenue for asking questions and engaging in meaningful discussions.","tagList":["Zoom","Live Sessions"],"createdAt":"2024-01-27T21:39:50.587Z","updatedAt":"2024-01-27T21:39:50.587Z","favorited":false,"favoritesCount":75,"author":{"username":"Artem Bondar","bio":null,"image":"https://storage.googleapis.com/bondar-academy-visuals/Android.png","following":false}}],"articlesCount":14}

16:13:58.080 [pool-2-thread-3] ERROR com.intuit.karate - classpath:conduitApp/feature/Homepage.feature:28
And match response == {articles: '#[10]', articlesCount: 10}
match failed: EQUALS
  $ | not equal | match failed for name: 'articlesCount' (MAP:MAP)
  {"articles":[{"slug":"Sample-Title!4-46351","title":"Sample Title!4","description":"Sample About","body":"Markdown!","tagList":["tags"],"createdAt":"2026-02-10T03:48:23.210Z","updatedAt":"2026-02-10T03:48:23.210Z","favorited":false,"favoritesCount":0,"author":{"username":"mastercarlo","bio":null,"image":"https://conduit-api.bondaracademy.com/images/smiley-cyrus.jpeg","following":false}},{"slug":"Sample-Title!3-46351","title":"Sample Title!3","description":"Sample About","body":"Markdown!","tagList":["tags"],"createdAt":"2026-02-10T03:34:02.781Z","updatedAt":"2026-02-10T03:34:02.781Z","favorited":false,"favoritesCount":0,"author":{"username":"mastercarlo","bio":null,"image":"https://conduit-api.bondaracademy.com/images/smiley-cyrus.jpeg","following":false}},{"slug":"Sample-Title!1-46351","title":"Sample Title!1","description":"Sample About","body":"Markdown!","tagList":["tags"],"createdAt":"2026-02-10T03:24:03.182Z","updatedAt":"2026-02-10T03:24:03.182Z","favorited":false,"favoritesCount":0,"author":{"username":"mastercarlo","bio":null,"image":"https://conduit-api.bondaracademy.com/images/smiley-cyrus.jpeg","following":false}},{"slug":"Sample-Title-46351","title":"Sample Title","description":"Sample About","body":"Markdown!","tagList":["tags"],"createdAt":"2026-02-10T03:20:18.491Z","updatedAt":"2026-02-10T03:20:18.491Z","favorited":false,"favoritesCount":0,"author":{"username":"mastercarlo","bio":null,"image":"https://conduit-api.bondaracademy.com/images/smiley-cyrus.jpeg","following":false}},{"slug":"Discover-Bondar-Academy:-Your-Gateway-to-Efficient-Learning-1","title":"Discover Bondar Academy: Your Gateway to Efficient Learning","description":"Discover Bondar Academy's unique place in the educational landscape, where value-focused and efficient learning approaches converge. Our goal is to rapidly enhance your professional technical skills, boosting your market competitiveness and paving the way for higher-paying job opportunities. The speed of your progress is in your hands \u2013 you set the pace, and we provide the solutions and support to help you achieve your desired outcomes.","body":"Bondar Academy is a leading platform for efficient education, designed to boost your technical skills and advance your career in Quality Assurance (QA). Our program features a balanced mix of pre-recorded lectures and live sessions, allowing each student to study at their own pace and at a time that suits them. \n\nOur instructors are readily available on our Slack Workspace for support. Whether it's a quick question or a more complex issue requiring a Zoom call or Slack Huddle for screen sharing and live discussion, we're here to assist. Additionally, each class comes with a comprehensive question bank for self-assessment. Following each lecture, you have the opportunity to validate your understanding and readiness to progress to the next topic. You set the pace, and we provide the solutions to ensure you achieve your desired outcomes.\n\nSignUp today: https://www.bondaracademy.com","tagList":["qa career","Bondar Academy","QA Skills","Value-Focused"],"createdAt":"2024-01-27T21:52:32.682Z","updatedAt":"2024-01-27T21:52:32.682Z","favorited":false,"favoritesCount":1649,"author":{"username":"Artem Bondar","bio":null,"image":"https://storage.googleapis.com/bondar-academy-visuals/Android.png","following":false}},{"slug":"The-value-of-pre-recorded-video-classes.-The-most-efficient-approach-to-tranfer-the-knowledge-1","title":"The value of pre-recorded video classes. The most efficient approach to tranfer the knowledge","description":"As educational practices evolve, video tutorials have emerged as the most efficient method for imparting theoretical knowledge. At Bondar Academy, we prioritize expertly structured and crafted video tutorials, ensuring you learn quickly and effectively and advance your skills.","body":"At Bondar Academy, we prioritize the value of your time and the efficiency of your education, distinguishing our approach from traditional colleges and live boot camps. Forget long, tedious live lectures on a fixed schedule. With us, you learn at your convenience and pace through optimized, structured video lectures. \n\nWe understand your goal is rapid knowledge acquisition. Our pre-recorded and well-organized lectures are designed precisely for this, ensuring no slowdowns from group dynamics or unrelated instructor anecdotes. \n\nDive straight into the subject matter, learn efficiently, and if questions arise, our immediate support on the Slack Workspace is there to streamline your learning process and swiftly remove any roadblocks.","tagList":["Bondar Academy","Video Lectures","Tutorials"],"createdAt":"2024-01-27T21:50:38.825Z","updatedAt":"2024-01-27T21:50:38.825Z","favorited":false,"favoritesCount":452,"author":{"username":"Artem Bondar","bio":null,"image":"https://storage.googleapis.com/bondar-academy-visuals/Android.png","following":false}},{"slug":"Mastering-Knowledge-with-Self-Assessments:-Identifying-and-Bridging-Learning-Gaps-in-Education-1","title":"Mastering Knowledge with Self-Assessments: Identifying and Bridging Learning Gaps in Education","description":"Self-assessment is an essential tool for gauging your understanding of lecture material. It answers critical questions: Have you grasped everything correctly? Is there anything you've missed? Are you prepared for the next lesson? These assessments ensure that you build a solid foundation of knowledge, confidently and efficiently paving the way for swift progress and effective learning outcomes.","body":"Traditional educational institutions, such as colleges and universities, commonly use tests and assessments to measure knowledge. This approach is effective for gauging student performance, but it's not without drawbacks. In these settings, assessments after every lecture aren't feasible due to the time required for teachers to evaluate them. This often leads to students having a false sense of understanding, believing they've comprehended all aspects of a lecture when, in reality, small but crucial details might be missed. These 'knowledge gaps' can accumulate, making more complex topics difficult to grasp later on.\n\nAt Bondar Academy, we address this challenge by implementing self-assessments after every lecture. These are designed to cover key questions that ensure a thorough understanding of the material, essential for comfort and success in future lectures. The number of questions varies, ranging from 3-4 to 15-20, depending on the lecture's significance and the volume of critical information. With these self-assessments, students receive immediate feedback, helping them determine if they've fully understood the lecture or if they need to revisit certain parts or seek assistance from our instructors in the Slack Workspace.","tagList":["Self-Assessment","Test","Exam"],"createdAt":"2024-01-27T21:48:36.340Z","updatedAt":"2024-01-27T21:48:36.340Z","favorited":false,"favoritesCount":223,"author":{"username":"Artem Bondar","bio":null,"image":"https://storage.googleapis.com/bondar-academy-visuals/Android.png","following":false}},{"slug":"Practical-Implementation-of-Skills:-Homework-Assignments-with-Instructor-Supervision-1","title":"Practical Implementation of Skills: Homework Assignments with Instructor Supervision","description":"Knowledge or skills not reinforced through practical exercises can quickly fade, often faster than anticipated. Homework, particularly in tasks like writing your own code, is crucial for honing these skills and cementing your understanding. At Bondar Academy, we ensure this vital step by assigning homework, rigorously evaluating the outcomes, and providing valuable feedback to guide your learning journey.","body":"Homework assignments are a fundamental component of the educational methodology at Bondar Academy, especially in technical education where learning a new programming language or framework is involved. The key to mastering these skills lies in writing code; the more you write, the better you become. However, merely replicating code seen in lectures leads to minimal learning. Often, this approach leaves students unclear about why their code works the way it does, as they focus on copying rather than understanding.\n\nA homework assignment at Bondar Academy starts with a blank page, challenging students to apply all their knowledge to write the first line of code. This process is more demanding than it appears. As you write each line, understanding and reasoning grow, making your code meaningful and comprehensible. You learn to write code that makes sense to you, enhancing your understanding.\n\nIn completing these assignments, you engage the 'thinking' part of your brain, transforming theoretical knowledge into practical skills. Recognizing the crucial role of homework in learning, our instructors at Bondar Academy are always available to assist with any challenges. Just reach out on Slack, and you'll receive the guidance and support needed for successful completion. At Bondar Academy, we fully understand the importance of homework assignments for the best outcome, so our instructors are always here to assist if you have any difficulties with completing them. Just ask in Slack and you'll be guided and assisted.","tagList":["Homework","Assignments","Practice","Coding"],"createdAt":"2024-01-27T21:46:09.512Z","updatedAt":"2024-01-27T21:46:09.512Z","favorited":false,"favoritesCount":102,"author":{"username":"Artem Bondar","bio":null,"image":"https://storage.googleapis.com/bondar-academy-visuals/Android.png","following":false}},{"slug":"Embracing-Daily-Git-Routines:-Real-Code-Reviews-on-GitHub-for-Effective-Coding-Practice.-1","title":"Embracing Daily Git Routines: Real Code Reviews on GitHub for Effective Coding Practice.","description":"Learning to code is just one part of a larger skill set; effectively managing and organizing code is equally crucial. At Bondar Academy, we integrate Git and platforms like GitHub into the core learning cycle. With us, using Git becomes a regular routine, where organizing code in branches, storing it in remote repositories, and collaborating with others through strategies like branching, merging, pull requests, and code reviews are standard practice.","body":"At Bondar Academy, mastering Git and GitHub is a fundamental step before delving into frameworks or programming languages. Effective code management, organization, and storage are crucial skills, and Git is the premier tool for this purpose. However, many learners initially find Git challenging due to its complexity and non-intuitive nature. To address this, our instructors have developed structured lectures on Git and GitHub, ensuring an efficient and thorough understanding of these essential tools. Git lessons are a mandatory prerequisite in every class. For a glimpse into our teaching approach, visit our YouTube channel: https://www.youtube.com/@BondarAcademy/playlists.\n\nIn our courses, all homework assignments are reviewed using GitHub pull requests, mirroring the workflow in real-world software development environments. Students submit their code to their working branch for review. Our instructors then provide feedback, suggesting modifications or adjustments for pull request approval. This iterative process is repeated throughout the course, establishing Git usage as a natural and routine part of your coding practice.","tagList":["YouTube","Git","GitHub"],"createdAt":"2024-01-27T21:42:31.491Z","updatedAt":"2024-01-27T21:42:31.491Z","favorited":false,"favoritesCount":103,"author":{"username":"Artem Bondar","bio":null,"image":"https://storage.googleapis.com/bondar-academy-visuals/Android.png","following":false}},{"slug":"Engaging-in-Live-Zoom-Sessions:-Interact-with-Instructors-and-Peers-Ask-Questions-in-Real-Time-1","title":"Engaging in Live Zoom Sessions: Interact with Instructors and Peers, Ask Questions in Real-Time","description":"In our increasingly online world, personal engagement remains a crucial element of effective learning. At Bondar Academy, we address this by hosting live Zoom sessions. These sessions provide a platform for live interaction between instructors and students, and among students themselves. Complementing our Slack channel, these live sessions offer an additional avenue for asking questions and engaging in meaningful discussions.","body":"In our increasingly online world, personal engagement remains a crucial element of effective learning. \nAt Bondar Academy, we address this by hosting live Zoom sessions. These sessions provide a platform for live interaction between instructors and students and among students themselves. Complementing our Slack channel, these live sessions offer an additional avenue for asking questions and engaging in meaningful discussions.","tagList":["Zoom","Live Sessions"],"createdAt":"2024-01-27T21:39:50.587Z","updatedAt":"2024-01-27T21:39:50.587Z","favorited":false,"favoritesCount":75,"author":{"username":"Artem Bondar","bio":null,"image":"https://storage.googleapis.com/bondar-academy-visuals/Android.png","following":false}}],"articlesCount":14}
  {"articles":"#[10]","articlesCount":10}

    $.articlesCount | not equal (NUMBER:NUMBER)
    14
    10

classpath:conduitApp/feature/Homepage.feature:28
16:13:58.082 [pool-2-thread-2] DEBUG com.intuit.karate - request:
1 > POST https://conduit-api.bondaracademy.com/api/users
1 > Authorization: Token eyJhbGciOiJIUzI1NiIsInR5cCI6IkpXVCJ9.eyJ1c2VyIjp7ImlkIjo0NjM1MX0sImlhdCI6MTc3MDcxMTIzNywiZXhwIjoxNzc1ODk1MjM3fQ.Gwvw-W4kaSFiKt2bZtvi_FxvnxqHP07eZIpSv49ZS3o
1 > Content-Type: application/json; charset=UTF-8
1 > Content-Length: 91
1 > Host: conduit-api.bondaracademy.com
1 > Connection: Keep-Alive
1 > User-Agent: Apache-HttpClient/4.5.14 (Java/21.0.8)
1 > Accept-Encoding: gzip,deflate
{"user":{"email":"KarateUser1@test.com","password":"Karate123","username":"andreas.bayer"}}

16:13:58.098 [pool-2-thread-3] INFO  com.intuit.karate - karate.env system property was: null 
16:13:58.116 [pool-2-thread-3] DEBUG com.intuit.karate - request:
1 > POST https://conduit-api.bondaracademy.com/api/users
1 > Authorization: Token eyJhbGciOiJIUzI1NiIsInR5cCI6IkpXVCJ9.eyJ1c2VyIjp7ImlkIjo0NjM1MX0sImlhdCI6MTc3MDcxMTIzNywiZXhwIjoxNzc1ODk1MjM3fQ.Gwvw-W4kaSFiKt2bZtvi_FxvnxqHP07eZIpSv49ZS3o
1 > Content-Type: application/json; charset=UTF-8
1 > Content-Length: 82
1 > Host: conduit-api.bondaracademy.com
1 > Connection: Keep-Alive
1 > User-Agent: Apache-HttpClient/4.5.14 (Java/21.0.8)
1 > Accept-Encoding: gzip,deflate
{"user":{"email":"KarateUser1","password":"Karate123","username":"andreas.bayer"}}

16:13:58.264 [pool-2-thread-4] DEBUG com.intuit.karate - response time in milliseconds: 560
1 < 201
1 < x-powered-by: Express
1 < vary: Origin
1 < content-type: application/json; charset=utf-8
1 < etag: W/"147-7z8JTqJZVpSbNjIRuqbIgpaQr2Q"
1 < x-cloud-trace-context: 00bb7dba0a89a017e1fe1b8024939be0
1 < date: Tue, 10 Feb 2026 08:13:58 GMT
1 < server: Google Frontend
1 < Content-Length: 327
{"user":{"id":46378,"email":"andreas36@test.com","username":"andreas.bayer","bio":null,"image":"https://conduit-api.bondaracademy.com/images/smiley-cyrus.jpeg","token":"eyJhbGciOiJIUzI1NiIsInR5cCI6IkpXVCJ9.eyJ1c2VyIjp7ImlkIjo0NjM3OH0sImlhdCI6MTc3MDcxMTIzOCwiZXhwIjoxNzc1ODk1MjM4fQ.9DehihWBmHJJORDRRBAsG07LHhQCQQ_m93XphMSKXv4"}}

16:13:58.268 [pool-2-thread-4] INFO  com.intuit.karate - [print] Random token: eyJhbGciOiJIUzI1NiIsInR5cCI6IkpXVCJ9.eyJ1c2VyIjp7ImlkIjo0NjM3OH0sImlhdCI6MTc3MDcxMTIzOCwiZXhwIjoxNzc1ODk1MjM4fQ.9DehihWBmHJJORDRRBAsG07LHhQCQQ_m93XphMSKXv4 
16:13:58.277 [pool-2-thread-4] INFO  com.intuit.karate - karate.env system property was: null 
16:13:58.288 [pool-2-thread-1] DEBUG com.intuit.karate - response time in milliseconds: 550
1 < 201
1 < x-powered-by: Express
1 < vary: Origin
1 < content-type: application/json; charset=utf-8
1 < etag: W/"178-IHwFFFxxmhOAqZv/x5CSw2DGyU4"
1 < x-cloud-trace-context: cccecf5f070700b2289025290c4192bb
1 < date: Tue, 10 Feb 2026 08:13:58 GMT
1 < server: Google Frontend
1 < Content-Length: 376
{"article":{"slug":"Vhagar-46351","title":"Vhagar","description":"Qohor","body":"The North remembers.","tagList":["tags"],"createdAt":"2026-02-10T08:13:58.133Z","updatedAt":"2026-02-10T08:13:58.133Z","favorited":false,"favoritesCount":0,"author":{"username":"mastercarlo","bio":null,"image":"https://conduit-api.bondaracademy.com/images/smiley-cyrus.jpeg","following":false}}}

16:13:58.293 [pool-2-thread-1] DEBUG com.intuit.karate - request:
2 > DELETE https://conduit-api.bondaracademy.com/api/articles/Vhagar-46351
2 > Authorization: Token eyJhbGciOiJIUzI1NiIsInR5cCI6IkpXVCJ9.eyJ1c2VyIjp7ImlkIjo0NjM1MX0sImlhdCI6MTc3MDcxMTIzNywiZXhwIjoxNzc1ODk1MjM3fQ.Gwvw-W4kaSFiKt2bZtvi_FxvnxqHP07eZIpSv49ZS3o
2 > Host: conduit-api.bondaracademy.com
2 > Connection: Keep-Alive
2 > User-Agent: Apache-HttpClient/4.5.14 (Java/21.0.8)
2 > Accept-Encoding: gzip,deflate


16:13:58.293 [pool-2-thread-4] DEBUG com.intuit.karate - request:
1 > POST https://conduit-api.bondaracademy.com/api/users
1 > Authorization: Token eyJhbGciOiJIUzI1NiIsInR5cCI6IkpXVCJ9.eyJ1c2VyIjp7ImlkIjo0NjM1MX0sImlhdCI6MTc3MDcxMTIzNywiZXhwIjoxNzc1ODk1MjM3fQ.Gwvw-W4kaSFiKt2bZtvi_FxvnxqHP07eZIpSv49ZS3o
1 > Content-Type: application/json; charset=UTF-8
1 > Content-Length: 98
1 > Host: conduit-api.bondaracademy.com
1 > Connection: Keep-Alive
1 > User-Agent: Apache-HttpClient/4.5.14 (Java/21.0.8)
1 > Accept-Encoding: gzip,deflate
{"user":{"email":"andreas36@test.com","password":"Karate123","username":"KarateUser123123123123"}}

16:13:58.513 [pool-2-thread-2] DEBUG com.intuit.karate - response time in milliseconds: 429
1 < 422
1 < x-powered-by: Express
1 < vary: Origin
1 < content-type: application/json; charset=utf-8
1 < etag: W/"55-NjrsT9gca4ZDmlQ/ixYZy7cuscc"
1 < x-cloud-trace-context: 6eee81fca9964cea7da0ac89a95b7cf2
1 < date: Tue, 10 Feb 2026 08:13:58 GMT
1 < server: Google Frontend
1 < Content-Length: 85
{"errors":{"email":["has already been taken"],"username":["has already been taken"]}}

16:13:58.518 [pool-2-thread-2] ERROR com.intuit.karate - classpath:conduitApp/feature/SignUp.feature:64
And match response == {"errors": {"email": ["has already been taken"]}}
match failed: EQUALS
  $ | not equal | match failed for name: 'errors' (MAP:MAP)
  {"errors":{"email":["has already been taken"],"username":["has already been taken"]}}
  {"errors":{"email":["has already been taken"]}}

    $.errors | not equal | actual has 1 more key(s) than expected - {"username":["has already been taken"]} (MAP:MAP)
    {"email":["has already been taken"],"username":["has already been taken"]}
    {"email":["has already been taken"]}


classpath:conduitApp/feature/SignUp.feature:64
16:13:58.527 [pool-2-thread-2] INFO  com.intuit.karate - karate.env system property was: null 
16:13:58.538 [pool-2-thread-3] DEBUG com.intuit.karate - response time in milliseconds: 421
1 < 422
1 < x-powered-by: Express
1 < vary: Origin
1 < content-type: application/json; charset=utf-8
1 < etag: W/"23-BFnyxZU59MOp7LrClbIX0lqohmc"
1 < x-cloud-trace-context: fe3265e4eb616e684c9c68e36bb32dbe
1 < date: Tue, 10 Feb 2026 08:13:58 GMT
1 < server: Google Frontend
1 < Content-Length: 35
{"errors":{"email":["is invalid"]}}

16:13:58.539 [pool-2-thread-2] DEBUG com.intuit.karate - request:
1 > POST https://conduit-api.bondaracademy.com/api/users
1 > Authorization: Token eyJhbGciOiJIUzI1NiIsInR5cCI6IkpXVCJ9.eyJ1c2VyIjp7ImlkIjo0NjM1MX0sImlhdCI6MTc3MDcxMTIzNywiZXhwIjoxNzc1ODk1MjM3fQ.Gwvw-W4kaSFiKt2bZtvi_FxvnxqHP07eZIpSv49ZS3o
1 > Content-Type: application/json; charset=UTF-8
1 > Content-Length: 83
1 > Host: conduit-api.bondaracademy.com
1 > Connection: Keep-Alive
1 > User-Agent: Apache-HttpClient/4.5.14 (Java/21.0.8)
1 > Accept-Encoding: gzip,deflate
{"user":{"email":"andreas87@test.com","password":"Kar","username":"andreas.bayer"}}

16:13:58.542 [pool-2-thread-3] INFO  com.intuit.karate - karate.env system property was: null 
16:13:58.552 [pool-2-thread-3] DEBUG com.intuit.karate - request:
1 > POST https://conduit-api.bondaracademy.com/api/users
1 > Authorization: Token eyJhbGciOiJIUzI1NiIsInR5cCI6IkpXVCJ9.eyJ1c2VyIjp7ImlkIjo0NjM1MX0sImlhdCI6MTc3MDcxMTIzNywiZXhwIjoxNzc1ODk1MjM3fQ.Gwvw-W4kaSFiKt2bZtvi_FxvnxqHP07eZIpSv49ZS3o
1 > Content-Type: application/json; charset=UTF-8
1 > Content-Length: 71
1 > Host: conduit-api.bondaracademy.com
1 > Connection: Keep-Alive
1 > User-Agent: Apache-HttpClient/4.5.14 (Java/21.0.8)
1 > Accept-Encoding: gzip,deflate
{"user":{"email":"","password":"Karate123","username":"andreas.bayer"}}

16:13:58.729 [pool-2-thread-4] DEBUG com.intuit.karate - response time in milliseconds: 435
1 < 422
1 < x-powered-by: Express
1 < vary: Origin
1 < content-type: application/json; charset=utf-8
1 < etag: W/"42-XpZe/rkpj7jwgwlEfcGikMbY3LU"
1 < x-cloud-trace-context: bb10b11dbb881e2c8f83b6ab40bf6cda
1 < date: Tue, 10 Feb 2026 08:13:58 GMT
1 < server: Google Frontend
1 < Content-Length: 66
{"errors":{"username":["is too long (maximum is 20 characters)"]}}

16:13:58.733 [pool-2-thread-4] INFO  com.intuit.karate - karate.env system property was: null 
16:13:58.741 [pool-2-thread-1] DEBUG com.intuit.karate - response time in milliseconds: 447
2 < 204
2 < x-powered-by: Express
2 < vary: Origin
2 < etag: W/"a-bAsFyilMr4Ra1hIU5PyoyFRunpI"
2 < x-cloud-trace-context: f4ae69f6138a60ad01a31563553a36a5
2 < date: Tue, 10 Feb 2026 08:13:58 GMT
2 < content-type: text/html
2 < server: Google Frontend


16:13:58.749 [pool-2-thread-4] DEBUG com.intuit.karate - request:
1 > POST https://conduit-api.bondaracademy.com/api/users
1 > Authorization: Token eyJhbGciOiJIUzI1NiIsInR5cCI6IkpXVCJ9.eyJ1c2VyIjp7ImlkIjo0NjM1MX0sImlhdCI6MTc3MDcxMTIzNywiZXhwIjoxNzc1ODk1MjM3fQ.Gwvw-W4kaSFiKt2bZtvi_FxvnxqHP07eZIpSv49ZS3o
1 > Content-Type: application/json; charset=UTF-8
1 > Content-Length: 80
1 > Host: conduit-api.bondaracademy.com
1 > Connection: Keep-Alive
1 > User-Agent: Apache-HttpClient/4.5.14 (Java/21.0.8)
1 > Accept-Encoding: gzip,deflate
{"user":{"email":"andreas25@test.com","password":"","username":"andreas.bayer"}}

16:13:58.752 [pool-2-thread-1] INFO  com.intuit.karate - karate.env system property was: null 
16:13:58.776 [pool-2-thread-1] DEBUG com.intuit.karate - request:
1 > POST https://conduit-api.bondaracademy.com/api/users
1 > Authorization: Token eyJhbGciOiJIUzI1NiIsInR5cCI6IkpXVCJ9.eyJ1c2VyIjp7ImlkIjo0NjM1MX0sImlhdCI6MTc3MDcxMTIzNywiZXhwIjoxNzc1ODk1MjM3fQ.Gwvw-W4kaSFiKt2bZtvi_FxvnxqHP07eZIpSv49ZS3o
1 > Content-Type: application/json; charset=UTF-8
1 > Content-Length: 76
1 > Host: conduit-api.bondaracademy.com
1 > Connection: Keep-Alive
1 > User-Agent: Apache-HttpClient/4.5.14 (Java/21.0.8)
1 > Accept-Encoding: gzip,deflate
{"user":{"email":"andreas60@test.com","password":"Karate123","username":""}}

16:13:58.969 [pool-2-thread-2] DEBUG com.intuit.karate - response time in milliseconds: 427
1 < 422
1 < x-powered-by: Express
1 < vary: Origin
1 < content-type: application/json; charset=utf-8
1 < etag: W/"42-UacmJpJtrjcDwm4VS9rFYwj6xG4"
1 < x-cloud-trace-context: 70e8401ccb154d1b1724d7c367406458
1 < date: Tue, 10 Feb 2026 08:13:58 GMT
1 < server: Google Frontend
1 < Content-Length: 66
{"errors":{"password":["is too short (minimum is 8 characters)"]}}

16:13:58.978 [pool-2-thread-3] DEBUG com.intuit.karate - response time in milliseconds: 425
1 < 422
1 < x-powered-by: Express
1 < vary: Origin
1 < content-type: application/json; charset=utf-8
1 < etag: W/"27-t1Jmbh6zWQl9abIACseOZh9CIII"
1 < x-cloud-trace-context: 77aca4b3a1039e726610a0c52b2df65c
1 < date: Tue, 10 Feb 2026 08:13:58 GMT
1 < server: Google Frontend
1 < Content-Length: 39
{"errors":{"email":["can't be blank"]}}

16:13:59.191 [pool-2-thread-4] DEBUG com.intuit.karate - response time in milliseconds: 440
1 < 422
1 < x-powered-by: Express
1 < vary: Origin
1 < content-type: application/json; charset=utf-8
1 < etag: W/"2a-qbpXJMY/Kgu11LsJcjS0p5wC5b0"
1 < x-cloud-trace-context: 274b4672a54fb301a4d613d8f067df48
1 < date: Tue, 10 Feb 2026 08:13:59 GMT
1 < server: Google Frontend
1 < Content-Length: 42
{"errors":{"password":["can't be blank"]}}

16:13:59.197 [pool-2-thread-1] DEBUG com.intuit.karate - response time in milliseconds: 419
1 < 422
1 < x-powered-by: Express
1 < vary: Origin
1 < content-type: application/json; charset=utf-8
1 < etag: W/"2a-AIsgLw77Dx1RWMepi6jZReyj6jg"
1 < x-cloud-trace-context: d35091f7d61ba39af01da4b5a01adfe9
1 < date: Tue, 10 Feb 2026 08:13:59 GMT
1 < server: Google Frontend
1 < Content-Length: 42
{"errors":{"username":["can't be blank"]}}

---------------------------------------------------------
feature: classpath:conduitApp/feature/Artciles.feature
scenarios:  1 | passed:  1 | failed:  0 | time: 1.3031
---------------------------------------------------------

16:13:59.860 [pool-3-thread-1] INFO  com.intuit.karate.Suite - <<pass>> feature 1 of 3 (2 remaining) classpath:conduitApp/feature/Artciles.feature
---------------------------------------------------------
feature: classpath:conduitApp/feature/Homepage.feature
scenarios:  2 | passed:  1 | failed:  1 | time: 1.2333
---------------------------------------------------------

16:14:00.175 [pool-3-thread-1] INFO  com.intuit.karate.Suite - <<fail>> feature 2 of 3 (1 remaining) classpath:conduitApp/feature/Homepage.feature
16:14:00.749 [pool-2-thread-5] DEBUG com.intuit.karate - response time in milliseconds: 3044
1 < 422
1 < x-powered-by: Express
1 < vary: Origin
1 < content-type: application/json; charset=utf-8
1 < etag: W/"32-JsHJTKwNHW5NSVjFTl5ds7a++54"
1 < x-cloud-trace-context: fee9711ee9125bce2faf827f59417cf7
1 < date: Tue, 10 Feb 2026 08:14:00 GMT
1 < server: Google Frontend
1 < Content-Length: 50
{"errors":{"username":["has already been taken"]}}

---------------------------------------------------------
feature: classpath:conduitApp/feature/SignUp.feature
scenarios:  9 | passed:  8 | failed:  1 | time: 7.2416
---------------------------------------------------------

16:14:01.296 [pool-3-thread-1] INFO  com.intuit.karate.Suite - <<fail>> feature 3 of 3 (0 remaining) classpath:conduitApp/feature/SignUp.feature
Karate version: 1.5.0
======================================================
elapsed:   8.37 | threads:    5 | thread time: 9.78 
features:     3 | skipped:    0 | efficiency: 0.23
scenarios:   12 | passed:    10 | failed: 2
======================================================
>>> failed features:
match failed: EQUALS
  $ | not equal | match failed for name: 'articlesCount' (MAP:MAP)
  {"articles":[{"slug":"Sample-Title!4-46351","title":"Sample Title!4","description":"Sample About","body":"Markdown!","tagList":["tags"],"createdAt":"2026-02-10T03:48:23.210Z","updatedAt":"2026-02-10T03:48:23.210Z","favorited":false,"favoritesCount":0,"author":{"username":"mastercarlo","bio":null,"image":"https://conduit-api.bondaracademy.com/images/smiley-cyrus.jpeg","following":false}},{"slug":"Sample-Title!3-46351","title":"Sample Title!3","description":"Sample About","body":"Markdown!","tagList":["tags"],"createdAt":"2026-02-10T03:34:02.781Z","updatedAt":"2026-02-10T03:34:02.781Z","favorited":false,"favoritesCount":0,"author":{"username":"mastercarlo","bio":null,"image":"https://conduit-api.bondaracademy.com/images/smiley-cyrus.jpeg","following":false}},{"slug":"Sample-Title!1-46351","title":"Sample Title!1","description":"Sample About","body":"Markdown!","tagList":["tags"],"createdAt":"2026-02-10T03:24:03.182Z","updatedAt":"2026-02-10T03:24:03.182Z","favorited":false,"favoritesCount":0,"author":{"username":"mastercarlo","bio":null,"image":"https://conduit-api.bondaracademy.com/images/smiley-cyrus.jpeg","following":false}},{"slug":"Sample-Title-46351","title":"Sample Title","description":"Sample About","body":"Markdown!","tagList":["tags"],"createdAt":"2026-02-10T03:20:18.491Z","updatedAt":"2026-02-10T03:20:18.491Z","favorited":false,"favoritesCount":0,"author":{"username":"mastercarlo","bio":null,"image":"https://conduit-api.bondaracademy.com/images/smiley-cyrus.jpeg","following":false}},{"slug":"Discover-Bondar-Academy:-Your-Gateway-to-Efficient-Learning-1","title":"Discover Bondar Academy: Your Gateway to Efficient Learning","description":"Discover Bondar Academy's unique place in the educational landscape, where value-focused and efficient learning approaches converge. Our goal is to rapidly enhance your professional technical skills, boosting your market competitiveness and paving the way for higher-paying job opportunities. The speed of your progress is in your hands \u2013 you set the pace, and we provide the solutions and support to help you achieve your desired outcomes.","body":"Bondar Academy is a leading platform for efficient education, designed to boost your technical skills and advance your career in Quality Assurance (QA). Our program features a balanced mix of pre-recorded lectures and live sessions, allowing each student to study at their own pace and at a time that suits them. \n\nOur instructors are readily available on our Slack Workspace for support. Whether it's a quick question or a more complex issue requiring a Zoom call or Slack Huddle for screen sharing and live discussion, we're here to assist. Additionally, each class comes with a comprehensive question bank for self-assessment. Following each lecture, you have the opportunity to validate your understanding and readiness to progress to the next topic. You set the pace, and we provide the solutions to ensure you achieve your desired outcomes.\n\nSignUp today: https://www.bondaracademy.com","tagList":["qa career","Bondar Academy","QA Skills","Value-Focused"],"createdAt":"2024-01-27T21:52:32.682Z","updatedAt":"2024-01-27T21:52:32.682Z","favorited":false,"favoritesCount":1649,"author":{"username":"Artem Bondar","bio":null,"image":"https://storage.googleapis.com/bondar-academy-visuals/Android.png","following":false}},{"slug":"The-value-of-pre-recorded-video-classes.-The-most-efficient-approach-to-tranfer-the-knowledge-1","title":"The value of pre-recorded video classes. The most efficient approach to tranfer the knowledge","description":"As educational practices evolve, video tutorials have emerged as the most efficient method for imparting theoretical knowledge. At Bondar Academy, we prioritize expertly structured and crafted video tutorials, ensuring you learn quickly and effectively and advance your skills.","body":"At Bondar Academy, we prioritize the value of your time and the efficiency of your education, distinguishing our approach from traditional colleges and live boot camps. Forget long, tedious live lectures on a fixed schedule. With us, you learn at your convenience and pace through optimized, structured video lectures. \n\nWe understand your goal is rapid knowledge acquisition. Our pre-recorded and well-organized lectures are designed precisely for this, ensuring no slowdowns from group dynamics or unrelated instructor anecdotes. \n\nDive straight into the subject matter, learn efficiently, and if questions arise, our immediate support on the Slack Workspace is there to streamline your learning process and swiftly remove any roadblocks.","tagList":["Bondar Academy","Video Lectures","Tutorials"],"createdAt":"2024-01-27T21:50:38.825Z","updatedAt":"2024-01-27T21:50:38.825Z","favorited":false,"favoritesCount":452,"author":{"username":"Artem Bondar","bio":null,"image":"https://storage.googleapis.com/bondar-academy-visuals/Android.png","following":false}},{"slug":"Mastering-Knowledge-with-Self-Assessments:-Identifying-and-Bridging-Learning-Gaps-in-Education-1","title":"Mastering Knowledge with Self-Assessments: Identifying and Bridging Learning Gaps in Education","description":"Self-assessment is an essential tool for gauging your understanding of lecture material. It answers critical questions: Have you grasped everything correctly? Is there anything you've missed? Are you prepared for the next lesson? These assessments ensure that you build a solid foundation of knowledge, confidently and efficiently paving the way for swift progress and effective learning outcomes.","body":"Traditional educational institutions, such as colleges and universities, commonly use tests and assessments to measure knowledge. This approach is effective for gauging student performance, but it's not without drawbacks. In these settings, assessments after every lecture aren't feasible due to the time required for teachers to evaluate them. This often leads to students having a false sense of understanding, believing they've comprehended all aspects of a lecture when, in reality, small but crucial details might be missed. These 'knowledge gaps' can accumulate, making more complex topics difficult to grasp later on.\n\nAt Bondar Academy, we address this challenge by implementing self-assessments after every lecture. These are designed to cover key questions that ensure a thorough understanding of the material, essential for comfort and success in future lectures. The number of questions varies, ranging from 3-4 to 15-20, depending on the lecture's significance and the volume of critical information. With these self-assessments, students receive immediate feedback, helping them determine if they've fully understood the lecture or if they need to revisit certain parts or seek assistance from our instructors in the Slack Workspace.","tagList":["Self-Assessment","Test","Exam"],"createdAt":"2024-01-27T21:48:36.340Z","updatedAt":"2024-01-27T21:48:36.340Z","favorited":false,"favoritesCount":223,"author":{"username":"Artem Bondar","bio":null,"image":"https://storage.googleapis.com/bondar-academy-visuals/Android.png","following":false}},{"slug":"Practical-Implementation-of-Skills:-Homework-Assignments-with-Instructor-Supervision-1","title":"Practical Implementation of Skills: Homework Assignments with Instructor Supervision","description":"Knowledge or skills not reinforced through practical exercises can quickly fade, often faster than anticipated. Homework, particularly in tasks like writing your own code, is crucial for honing these skills and cementing your understanding. At Bondar Academy, we ensure this vital step by assigning homework, rigorously evaluating the outcomes, and providing valuable feedback to guide your learning journey.","body":"Homework assignments are a fundamental component of the educational methodology at Bondar Academy, especially in technical education where learning a new programming language or framework is involved. The key to mastering these skills lies in writing code; the more you write, the better you become. However, merely replicating code seen in lectures leads to minimal learning. Often, this approach leaves students unclear about why their code works the way it does, as they focus on copying rather than understanding.\n\nA homework assignment at Bondar Academy starts with a blank page, challenging students to apply all their knowledge to write the first line of code. This process is more demanding than it appears. As you write each line, understanding and reasoning grow, making your code meaningful and comprehensible. You learn to write code that makes sense to you, enhancing your understanding.\n\nIn completing these assignments, you engage the 'thinking' part of your brain, transforming theoretical knowledge into practical skills. Recognizing the crucial role of homework in learning, our instructors at Bondar Academy are always available to assist with any challenges. Just reach out on Slack, and you'll receive the guidance and support needed for successful completion. At Bondar Academy, we fully understand the importance of homework assignments for the best outcome, so our instructors are always here to assist if you have any difficulties with completing them. Just ask in Slack and you'll be guided and assisted.","tagList":["Homework","Assignments","Practice","Coding"],"createdAt":"2024-01-27T21:46:09.512Z","updatedAt":"2024-01-27T21:46:09.512Z","favorited":false,"favoritesCount":102,"author":{"username":"Artem Bondar","bio":null,"image":"https://storage.googleapis.com/bondar-academy-visuals/Android.png","following":false}},{"slug":"Embracing-Daily-Git-Routines:-Real-Code-Reviews-on-GitHub-for-Effective-Coding-Practice.-1","title":"Embracing Daily Git Routines: Real Code Reviews on GitHub for Effective Coding Practice.","description":"Learning to code is just one part of a larger skill set; effectively managing and organizing code is equally crucial. At Bondar Academy, we integrate Git and platforms like GitHub into the core learning cycle. With us, using Git becomes a regular routine, where organizing code in branches, storing it in remote repositories, and collaborating with others through strategies like branching, merging, pull requests, and code reviews are standard practice.","body":"At Bondar Academy, mastering Git and GitHub is a fundamental step before delving into frameworks or programming languages. Effective code management, organization, and storage are crucial skills, and Git is the premier tool for this purpose. However, many learners initially find Git challenging due to its complexity and non-intuitive nature. To address this, our instructors have developed structured lectures on Git and GitHub, ensuring an efficient and thorough understanding of these essential tools. Git lessons are a mandatory prerequisite in every class. For a glimpse into our teaching approach, visit our YouTube channel: https://www.youtube.com/@BondarAcademy/playlists.\n\nIn our courses, all homework assignments are reviewed using GitHub pull requests, mirroring the workflow in real-world software development environments. Students submit their code to their working branch for review. Our instructors then provide feedback, suggesting modifications or adjustments for pull request approval. This iterative process is repeated throughout the course, establishing Git usage as a natural and routine part of your coding practice.","tagList":["YouTube","Git","GitHub"],"createdAt":"2024-01-27T21:42:31.491Z","updatedAt":"2024-01-27T21:42:31.491Z","favorited":false,"favoritesCount":103,"author":{"username":"Artem Bondar","bio":null,"image":"https://storage.googleapis.com/bondar-academy-visuals/Android.png","following":false}},{"slug":"Engaging-in-Live-Zoom-Sessions:-Interact-with-Instructors-and-Peers-Ask-Questions-in-Real-Time-1","title":"Engaging in Live Zoom Sessions: Interact with Instructors and Peers, Ask Questions in Real-Time","description":"In our increasingly online world, personal engagement remains a crucial element of effective learning. At Bondar Academy, we address this by hosting live Zoom sessions. These sessions provide a platform for live interaction between instructors and students, and among students themselves. Complementing our Slack channel, these live sessions offer an additional avenue for asking questions and engaging in meaningful discussions.","body":"In our increasingly online world, personal engagement remains a crucial element of effective learning. \nAt Bondar Academy, we address this by hosting live Zoom sessions. These sessions provide a platform for live interaction between instructors and students and among students themselves. Complementing our Slack channel, these live sessions offer an additional avenue for asking questions and engaging in meaningful discussions.","tagList":["Zoom","Live Sessions"],"createdAt":"2024-01-27T21:39:50.587Z","updatedAt":"2024-01-27T21:39:50.587Z","favorited":false,"favoritesCount":75,"author":{"username":"Artem Bondar","bio":null,"image":"https://storage.googleapis.com/bondar-academy-visuals/Android.png","following":false}}],"articlesCount":14}
  {"articles":"#[10]","articlesCount":10}

    $.articlesCount | not equal (NUMBER:NUMBER)
    14
    10

classpath:conduitApp/feature/Homepage.feature:28
match failed: EQUALS
  $ | not equal | match failed for name: 'errors' (MAP:MAP)
  {"errors":{"email":["has already been taken"],"username":["has already been taken"]}}
  {"errors":{"email":["has already been taken"]}}

    $.errors | not equal | actual has 1 more key(s) than expected - {"username":["has already been taken"]} (MAP:MAP)
    {"email":["has already been taken"],"username":["has already been taken"]}
    {"email":["has already been taken"]}


classpath:conduitApp/feature/SignUp.feature:64
<<<

HTML report: (paste into browser to view) | Karate version: 1.5.0
file:///D:/Karate-Test-Framework/KTR04-conduit/KarateUdemy/target/karate-reports/karate-summary.html
===================================================================

]]></system-out>
  </testcase>
</testsuite>